#! /usr/bin/vvp
:ivl_version "11.0 (stable)";
:ivl_delay_selection "TYPICAL";
:vpi_time_precision + 0;
:vpi_module "/usr/lib/x86_64-linux-gnu/ivl/system.vpi";
:vpi_module "/usr/lib/x86_64-linux-gnu/ivl/vhdl_sys.vpi";
:vpi_module "/usr/lib/x86_64-linux-gnu/ivl/vhdl_textio.vpi";
:vpi_module "/usr/lib/x86_64-linux-gnu/ivl/v2005_math.vpi";
:vpi_module "/usr/lib/x86_64-linux-gnu/ivl/va_math.vpi";
S_0x557e159af940 .scope module, "tb" "tb" 2 1;
 .timescale 0 0;
v0x557e159d74f0_0 .var "clk", 0 0;
v0x557e159d75b0_0 .var "data_in", 6 0;
v0x557e159d7670_0 .net "data_out", 6 0, L_0x557e15999c80;  1 drivers
v0x557e159d7740 .array "file_data", 0 0, 6 0;
v0x557e159d77e0_0 .net "parity_ok_n", 0 0, L_0x557e159d7d00;  1 drivers
v0x557e159d78d0_0 .net "ready", 0 0, L_0x557e15997510;  1 drivers
v0x557e159d79a0_0 .var "rstn", 0 0;
v0x557e159d7a90_0 .net "serial_out", 0 0, v0x557e159d7330_0;  1 drivers
v0x557e159d7b80_0 .var "start", 0 0;
S_0x557e159afad0 .scope module, "r" "receiver" 2 23, 3 1 0, S_0x557e159af940;
 .timescale 0 0;
    .port_info 0 /INPUT 1 "clk";
    .port_info 1 /INPUT 1 "rstn";
    .port_info 2 /OUTPUT 1 "ready";
    .port_info 3 /OUTPUT 7 "data_out";
    .port_info 4 /OUTPUT 1 "parity_ok_n";
    .port_info 5 /INPUT 1 "serial_in";
P_0x557e1599ddc0 .param/l "AGUARDA_START_BIT" 1 3 12, C4<001>;
P_0x557e1599de00 .param/l "FINALIZA_RECEBE_DADOS" 1 3 14, C4<011>;
P_0x557e1599de40 .param/l "RECEBE_DADOS" 1 3 13, C4<010>;
P_0x557e1599de80 .param/l "RESET" 1 3 11, C4<000>;
L_0x557e15997510 .functor BUFZ 1, v0x557e159d5f10_0, C4<0>, C4<0>, C4<0>;
L_0x557e15999c80 .functor BUFZ 7, v0x557e15997730_0, C4<0000000>, C4<0000000>, C4<0000000>;
L_0x557e159d7d00 .functor BUFZ 1, v0x557e15999de0_0, C4<0>, C4<0>, C4<0>;
v0x557e15997730_0 .var "_data_out", 6 0;
v0x557e15999de0_0 .var "_parity_ok_n", 0 0;
v0x557e159d5f10_0 .var "_ready", 0 0;
v0x557e159d5fb0_0 .var "buffer_dados", 7 0;
v0x557e159d6090_0 .net "clk", 0 0, v0x557e159d74f0_0;  1 drivers
v0x557e159d61a0_0 .var "contador_bit", 2 0;
v0x557e159d6280_0 .net "data_out", 6 0, L_0x557e15999c80;  alias, 1 drivers
v0x557e159d6360_0 .var "estado", 2 0;
v0x557e159d6440_0 .net "parity_ok_n", 0 0, L_0x557e159d7d00;  alias, 1 drivers
v0x557e159d6500_0 .var "proximo_estado", 2 0;
v0x557e159d65e0_0 .net "ready", 0 0, L_0x557e15997510;  alias, 1 drivers
v0x557e159d66a0_0 .net "rstn", 0 0, v0x557e159d79a0_0;  1 drivers
v0x557e159d6760_0 .net "serial_in", 0 0, v0x557e159d7330_0;  alias, 1 drivers
E_0x557e159a7690 .event posedge, v0x557e159d6090_0;
E_0x557e159920c0 .event edge, v0x557e159d6360_0;
E_0x557e1599f010/0 .event negedge, v0x557e159d66a0_0;
E_0x557e1599f010/1 .event posedge, v0x557e159d6090_0;
E_0x557e1599f010 .event/or E_0x557e1599f010/0, E_0x557e1599f010/1;
S_0x557e159d68e0 .scope module, "t" "transmitter" 2 11, 4 1 0, S_0x557e159af940;
 .timescale 0 0;
    .port_info 0 /INPUT 1 "clk";
    .port_info 1 /INPUT 1 "rstn";
    .port_info 2 /INPUT 1 "start";
    .port_info 3 /INPUT 7 "data_in";
    .port_info 4 /OUTPUT 1 "serial_out";
P_0x557e1599ecf0 .param/l "AGUARDA_START_BIT" 1 4 11, C4<001>;
P_0x557e1599ed30 .param/l "ENVIA_DADOS" 1 4 13, C4<011>;
P_0x557e1599ed70 .param/l "FINALIZA_ENVIO_DADOS" 1 4 14, C4<100>;
P_0x557e1599edb0 .param/l "RESET" 1 4 10, C4<000>;
P_0x557e1599edf0 .param/l "START_BIT" 1 4 12, C4<010>;
v0x557e159d6d60_0 .var "buffer_dados", 7 0;
v0x557e159d6e60_0 .net "clk", 0 0, v0x557e159d74f0_0;  alias, 1 drivers
v0x557e159d6f20_0 .var "contador_bit", 2 0;
v0x557e159d6fc0_0 .net "data_in", 6 0, v0x557e159d75b0_0;  1 drivers
v0x557e159d7080_0 .var "estado", 2 0;
v0x557e159d71b0_0 .var "proximo_estado", 2 0;
v0x557e159d7290_0 .net "rstn", 0 0, v0x557e159d79a0_0;  alias, 1 drivers
v0x557e159d7330_0 .var "serial_out", 0 0;
v0x557e159d73d0_0 .net "start", 0 0, v0x557e159d7b80_0;  1 drivers
E_0x557e159a7650 .event edge, v0x557e159d7080_0;
    .scope S_0x557e159d68e0;
T_0 ;
    %wait E_0x557e1599f010;
    %load/vec4 v0x557e159d7290_0;
    %nor/r;
    %flag_set/vec4 8;
    %jmp/0xz  T_0.0, 8;
    %pushi/vec4 0, 0, 3;
    %store/vec4 v0x557e159d7080_0, 0, 3;
    %jmp T_0.1;
T_0.0 ;
    %load/vec4 v0x557e159d71b0_0;
    %store/vec4 v0x557e159d7080_0, 0, 3;
T_0.1 ;
    %jmp T_0;
    .thread T_0;
    .scope S_0x557e159d68e0;
T_1 ;
    %wait E_0x557e159a7650;
    %load/vec4 v0x557e159d7080_0;
    %dup/vec4;
    %pushi/vec4 0, 0, 3;
    %cmp/u;
    %jmp/1 T_1.0, 6;
    %dup/vec4;
    %pushi/vec4 1, 0, 3;
    %cmp/u;
    %jmp/1 T_1.1, 6;
    %dup/vec4;
    %pushi/vec4 2, 0, 3;
    %cmp/u;
    %jmp/1 T_1.2, 6;
    %dup/vec4;
    %pushi/vec4 3, 0, 3;
    %cmp/u;
    %jmp/1 T_1.3, 6;
    %dup/vec4;
    %pushi/vec4 4, 0, 3;
    %cmp/u;
    %jmp/1 T_1.4, 6;
    %jmp T_1.5;
T_1.0 ;
    %pushi/vec4 1, 0, 3;
    %store/vec4 v0x557e159d71b0_0, 0, 3;
    %jmp T_1.5;
T_1.1 ;
    %load/vec4 v0x557e159d73d0_0;
    %nor/r;
    %flag_set/vec4 8;
    %jmp/0 T_1.6, 8;
    %pushi/vec4 2, 0, 3;
    %jmp/1 T_1.7, 8;
T_1.6 ; End of true expr.
    %pushi/vec4 1, 0, 3;
    %jmp/0 T_1.7, 8;
 ; End of false expr.
    %blend;
T_1.7;
    %store/vec4 v0x557e159d71b0_0, 0, 3;
    %jmp T_1.5;
T_1.2 ;
    %pushi/vec4 3, 0, 3;
    %store/vec4 v0x557e159d71b0_0, 0, 3;
    %jmp T_1.5;
T_1.3 ;
    %load/vec4 v0x557e159d6f20_0;
    %pad/u 32;
    %cmpi/u 8, 0, 32;
    %flag_inv 5; GE is !LT
    %flag_mov 8, 5;
    %jmp/0 T_1.8, 8;
    %pushi/vec4 4, 0, 3;
    %jmp/1 T_1.9, 8;
T_1.8 ; End of true expr.
    %pushi/vec4 3, 0, 3;
    %jmp/0 T_1.9, 8;
 ; End of false expr.
    %blend;
T_1.9;
    %store/vec4 v0x557e159d71b0_0, 0, 3;
    %jmp T_1.5;
T_1.4 ;
    %pushi/vec4 1, 0, 3;
    %store/vec4 v0x557e159d71b0_0, 0, 3;
    %jmp T_1.5;
T_1.5 ;
    %pop/vec4 1;
    %jmp T_1;
    .thread T_1, $push;
    .scope S_0x557e159d68e0;
T_2 ;
    %wait E_0x557e159a7690;
    %load/vec4 v0x557e159d7080_0;
    %dup/vec4;
    %pushi/vec4 0, 0, 3;
    %cmp/u;
    %jmp/1 T_2.0, 6;
    %dup/vec4;
    %pushi/vec4 1, 0, 3;
    %cmp/u;
    %jmp/1 T_2.1, 6;
    %dup/vec4;
    %pushi/vec4 2, 0, 3;
    %cmp/u;
    %jmp/1 T_2.2, 6;
    %dup/vec4;
    %pushi/vec4 3, 0, 3;
    %cmp/u;
    %jmp/1 T_2.3, 6;
    %dup/vec4;
    %pushi/vec4 4, 0, 3;
    %cmp/u;
    %jmp/1 T_2.4, 6;
    %jmp T_2.5;
T_2.0 ;
    %pushi/vec4 0, 0, 8;
    %store/vec4 v0x557e159d6d60_0, 0, 8;
    %pushi/vec4 1, 0, 1;
    %store/vec4 v0x557e159d7330_0, 0, 1;
    %jmp T_2.5;
T_2.1 ;
    %jmp T_2.5;
T_2.2 ;
    %pushi/vec4 0, 0, 3;
    %store/vec4 v0x557e159d6f20_0, 0, 3;
    %load/vec4 v0x557e159d6fc0_0;
    %xor/r;
    %load/vec4 v0x557e159d6fc0_0;
    %concat/vec4; draw_concat_vec4
    %store/vec4 v0x557e159d6d60_0, 0, 8;
    %pushi/vec4 0, 0, 1;
    %store/vec4 v0x557e159d7330_0, 0, 1;
    %jmp T_2.5;
T_2.3 ;
    %load/vec4 v0x557e159d6f20_0;
    %addi 1, 0, 3;
    %assign/vec4 v0x557e159d6f20_0, 0;
    %load/vec4 v0x557e159d6f20_0;
    %pad/u 32;
    %cmpi/u 8, 0, 32;
    %jmp/0xz  T_2.6, 5;
    %load/vec4 v0x557e159d6d60_0;
    %load/vec4 v0x557e159d6f20_0;
    %part/u 1;
    %store/vec4 v0x557e159d7330_0, 0, 1;
    %jmp T_2.7;
T_2.6 ;
    %pushi/vec4 1, 0, 1;
    %store/vec4 v0x557e159d7330_0, 0, 1;
T_2.7 ;
    %jmp T_2.5;
T_2.4 ;
    %pushi/vec4 0, 0, 1;
    %store/vec4 v0x557e159d7330_0, 0, 1;
    %jmp T_2.5;
T_2.5 ;
    %pop/vec4 1;
    %jmp T_2;
    .thread T_2;
    .scope S_0x557e159afad0;
T_3 ;
    %wait E_0x557e1599f010;
    %load/vec4 v0x557e159d66a0_0;
    %nor/r;
    %flag_set/vec4 8;
    %jmp/0xz  T_3.0, 8;
    %pushi/vec4 0, 0, 3;
    %store/vec4 v0x557e159d6360_0, 0, 3;
    %jmp T_3.1;
T_3.0 ;
    %load/vec4 v0x557e159d6500_0;
    %store/vec4 v0x557e159d6360_0, 0, 3;
T_3.1 ;
    %jmp T_3;
    .thread T_3;
    .scope S_0x557e159afad0;
T_4 ;
    %wait E_0x557e159920c0;
    %load/vec4 v0x557e159d6360_0;
    %dup/vec4;
    %pushi/vec4 0, 0, 3;
    %cmp/u;
    %jmp/1 T_4.0, 6;
    %dup/vec4;
    %pushi/vec4 1, 0, 3;
    %cmp/u;
    %jmp/1 T_4.1, 6;
    %dup/vec4;
    %pushi/vec4 2, 0, 3;
    %cmp/u;
    %jmp/1 T_4.2, 6;
    %dup/vec4;
    %pushi/vec4 3, 0, 3;
    %cmp/u;
    %jmp/1 T_4.3, 6;
    %jmp T_4.4;
T_4.0 ;
    %pushi/vec4 1, 0, 3;
    %store/vec4 v0x557e159d6500_0, 0, 3;
    %jmp T_4.4;
T_4.1 ;
    %load/vec4 v0x557e159d6760_0;
    %nor/r;
    %flag_set/vec4 8;
    %jmp/0 T_4.5, 8;
    %pushi/vec4 2, 0, 3;
    %jmp/1 T_4.6, 8;
T_4.5 ; End of true expr.
    %pushi/vec4 1, 0, 3;
    %jmp/0 T_4.6, 8;
 ; End of false expr.
    %blend;
T_4.6;
    %store/vec4 v0x557e159d6500_0, 0, 3;
    %jmp T_4.4;
T_4.2 ;
    %load/vec4 v0x557e159d61a0_0;
    %pad/u 32;
    %cmpi/u 8, 0, 32;
    %flag_inv 5; GE is !LT
    %flag_mov 8, 5;
    %jmp/0 T_4.7, 8;
    %pushi/vec4 3, 0, 3;
    %jmp/1 T_4.8, 8;
T_4.7 ; End of true expr.
    %pushi/vec4 2, 0, 3;
    %jmp/0 T_4.8, 8;
 ; End of false expr.
    %blend;
T_4.8;
    %store/vec4 v0x557e159d6500_0, 0, 3;
    %jmp T_4.4;
T_4.3 ;
    %pushi/vec4 1, 0, 3;
    %store/vec4 v0x557e159d6500_0, 0, 3;
    %jmp T_4.4;
T_4.4 ;
    %pop/vec4 1;
    %jmp T_4;
    .thread T_4, $push;
    .scope S_0x557e159afad0;
T_5 ;
    %wait E_0x557e159a7690;
    %load/vec4 v0x557e159d6360_0;
    %dup/vec4;
    %pushi/vec4 0, 0, 3;
    %cmp/u;
    %jmp/1 T_5.0, 6;
    %dup/vec4;
    %pushi/vec4 1, 0, 3;
    %cmp/u;
    %jmp/1 T_5.1, 6;
    %dup/vec4;
    %pushi/vec4 2, 0, 3;
    %cmp/u;
    %jmp/1 T_5.2, 6;
    %dup/vec4;
    %pushi/vec4 3, 0, 3;
    %cmp/u;
    %jmp/1 T_5.3, 6;
    %jmp T_5.4;
T_5.0 ;
    %pushi/vec4 0, 0, 3;
    %store/vec4 v0x557e159d61a0_0, 0, 3;
    %pushi/vec4 0, 0, 8;
    %store/vec4 v0x557e159d5fb0_0, 0, 8;
    %pushi/vec4 0, 0, 7;
    %store/vec4 v0x557e15997730_0, 0, 7;
    %pushi/vec4 0, 0, 1;
    %store/vec4 v0x557e159d5f10_0, 0, 1;
    %pushi/vec4 1, 0, 1;
    %store/vec4 v0x557e15999de0_0, 0, 1;
    %jmp T_5.4;
T_5.1 ;
    %jmp T_5.4;
T_5.2 ;
    %load/vec4 v0x557e159d61a0_0;
    %addi 1, 0, 3;
    %assign/vec4 v0x557e159d61a0_0, 0;
    %load/vec4 v0x557e159d61a0_0;
    %pad/u 32;
    %cmpi/u 8, 0, 32;
    %jmp/0xz  T_5.5, 5;
    %load/vec4 v0x557e159d6760_0;
    %load/vec4 v0x557e159d5fb0_0;
    %parti/s 7, 1, 2;
    %concat/vec4; draw_concat_vec4
    %store/vec4 v0x557e159d5fb0_0, 0, 8;
T_5.5 ;
    %jmp T_5.4;
T_5.3 ;
    %load/vec4 v0x557e159d5fb0_0;
    %parti/s 7, 0, 2;
    %store/vec4 v0x557e15997730_0, 0, 7;
    %load/vec4 v0x557e159d5fb0_0;
    %xor/r;
    %store/vec4 v0x557e15999de0_0, 0, 1;
    %pushi/vec4 1, 0, 1;
    %store/vec4 v0x557e159d5f10_0, 0, 1;
    %jmp T_5.4;
T_5.4 ;
    %pop/vec4 1;
    %jmp T_5;
    .thread T_5;
    .scope S_0x557e159af940;
T_6 ;
    %pushi/vec4 0, 0, 1;
    %store/vec4 v0x557e159d74f0_0, 0, 1;
    %end;
    .thread T_6;
    .scope S_0x557e159af940;
T_7 ;
    %delay 1, 0;
    %load/vec4 v0x557e159d74f0_0;
    %inv;
    %store/vec4 v0x557e159d74f0_0, 0, 1;
    %jmp T_7;
    .thread T_7;
    .scope S_0x557e159af940;
T_8 ;
    %vpi_call 2 36 "$dumpfile", "saida.vcd" {0 0 0};
    %vpi_call 2 37 "$dumpvars", 32'sb00000000000000000000000000000000, S_0x557e159af940 {0 0 0};
    %vpi_call 2 38 "$readmemb", "teste.txt", v0x557e159d7740 {0 0 0};
    %pushi/vec4 0, 0, 1;
    %store/vec4 v0x557e159d79a0_0, 0, 1;
    %pushi/vec4 0, 0, 1;
    %store/vec4 v0x557e159d7b80_0, 0, 1;
    %delay 2, 0;
    %pushi/vec4 1, 0, 1;
    %store/vec4 v0x557e159d79a0_0, 0, 1;
    %delay 2, 0;
    %pushi/vec4 1, 0, 1;
    %store/vec4 v0x557e159d7b80_0, 0, 1;
    %ix/load 4, 0, 0;
    %flag_set/imm 4, 0;
    %load/vec4a v0x557e159d7740, 4;
    %store/vec4 v0x557e159d75b0_0, 0, 7;
    %vpi_call 2 47 "$display", "data_in=%h", v0x557e159d75b0_0 {0 0 0};
    %delay 2, 0;
    %pushi/vec4 0, 0, 1;
    %store/vec4 v0x557e159d7b80_0, 0, 1;
    %delay 20, 0;
    %vpi_call 2 52 "$display", "data_out=%h, parity_ok_n=%b, ready=%b", v0x557e159d7670_0, v0x557e159d77e0_0, v0x557e159d78d0_0 {0 0 0};
    %vpi_call 2 53 "$finish" {0 0 0};
    %end;
    .thread T_8;
# The file index is used to find the file name in the following table.
:file_names 5;
    "N/A";
    "<interactive>";
    "tb.v";
    "receiver.v";
    "transmitter.v";
